<?xml version="1.0" encoding="utf-8"?><testsuites name="pytest tests"><testsuite name="pytest" errors="0" failures="0" skipped="0" tests="5" time="1.098" timestamp="2026-05-30T18:42:08.262096+00:00" hostname="agent-env-6696d7e7-a48a-4ffe-b495-ee737894ff01"><testcase classname="backend.tests.test_portfolio_api.TestHealth" name="test_root" time="0.332" /><testcase classname="backend.tests.test_portfolio_api.TestContact" name="test_post_contact_success" time="0.131" /><testcase classname="backend.tests.test_portfolio_api.TestContact" name="test_post_contact_invalid_email" time="0.070" /><testcase classname="backend.tests.test_portfolio_api.TestContact" name="test_post_contact_missing_fields" time="0.051" /><testcase classname="backend.tests.test_portfolio_api.TestContact" name="test_get_contact_list" time="0.052" /></testsuite></testsuites>